  bullet.cpp
C:\Users\aesqu\OneDrive\Desktop\Other Lang\AdvancedProgramming\Sum21\AEsquivelCPPProject3_1B\AEsquivelCPPA3_11 - Copy\SDLGame2\SDLGame2\bullet.cpp(28,14): warning C4244: '=': conversion from 'float' to 'int', possible loss of data
C:\Users\aesqu\OneDrive\Desktop\Other Lang\AdvancedProgramming\Sum21\AEsquivelCPPProject3_1B\AEsquivelCPPA3_11 - Copy\SDLGame2\SDLGame2\bullet.cpp(29,14): warning C4244: '=': conversion from 'float' to 'int', possible loss of data
C:\Users\aesqu\OneDrive\Desktop\Other Lang\AdvancedProgramming\Sum21\AEsquivelCPPProject3_1B\AEsquivelCPPA3_11 - Copy\SDLGame2\SDLGame2\bullet.cpp(48,17): warning C4244: '=': conversion from 'int' to 'float', possible loss of data
C:\Users\aesqu\OneDrive\Desktop\Other Lang\AdvancedProgramming\Sum21\AEsquivelCPPProject3_1B\AEsquivelCPPA3_11 - Copy\SDLGame2\SDLGame2\bullet.cpp(49,17): warning C4244: '=': conversion from 'int' to 'float', possible loss of data
C:\Users\aesqu\OneDrive\Desktop\Other Lang\AdvancedProgramming\Sum21\AEsquivelCPPProject3_1B\AEsquivelCPPA3_11 - Copy\SDLGame2\SDLGame2\bullet.cpp(95,17): warning C4244: '=': conversion from 'int' to 'float', possible loss of data
C:\Users\aesqu\OneDrive\Desktop\Other Lang\AdvancedProgramming\Sum21\AEsquivelCPPProject3_1B\AEsquivelCPPA3_11 - Copy\SDLGame2\SDLGame2\bullet.cpp(96,17): warning C4244: '=': conversion from 'int' to 'float', possible loss of data
C:\Users\aesqu\OneDrive\Desktop\Other Lang\AdvancedProgramming\Sum21\AEsquivelCPPProject3_1B\AEsquivelCPPA3_11 - Copy\SDLGame2\SDLGame2\bullet.cpp(114,19): warning C4244: '=': conversion from 'int' to 'float', possible loss of data
C:\Users\aesqu\OneDrive\Desktop\Other Lang\AdvancedProgramming\Sum21\AEsquivelCPPProject3_1B\AEsquivelCPPA3_11 - Copy\SDLGame2\SDLGame2\bullet.cpp(115,19): warning C4244: '=': conversion from 'int' to 'float', possible loss of data
  largeRock.cpp
C:\Users\aesqu\OneDrive\Desktop\Other Lang\AdvancedProgramming\Sum21\AEsquivelCPPProject3_1B\AEsquivelCPPA3_11 - Copy\SDLGame2\SDLGame2\largeRock.cpp(25,14): warning C4244: '=': conversion from 'float' to 'int', possible loss of data
C:\Users\aesqu\OneDrive\Desktop\Other Lang\AdvancedProgramming\Sum21\AEsquivelCPPProject3_1B\AEsquivelCPPA3_11 - Copy\SDLGame2\SDLGame2\largeRock.cpp(26,14): warning C4244: '=': conversion from 'float' to 'int', possible loss of data
C:\Users\aesqu\OneDrive\Desktop\Other Lang\AdvancedProgramming\Sum21\AEsquivelCPPProject3_1B\AEsquivelCPPA3_11 - Copy\SDLGame2\SDLGame2\largeRock.cpp(50,17): warning C4244: '=': conversion from 'int' to 'float', possible loss of data
C:\Users\aesqu\OneDrive\Desktop\Other Lang\AdvancedProgramming\Sum21\AEsquivelCPPProject3_1B\AEsquivelCPPA3_11 - Copy\SDLGame2\SDLGame2\largeRock.cpp(51,17): warning C4244: '=': conversion from 'int' to 'float', possible loss of data
C:\Users\aesqu\OneDrive\Desktop\Other Lang\AdvancedProgramming\Sum21\AEsquivelCPPProject3_1B\AEsquivelCPPA3_11 - Copy\SDLGame2\SDLGame2\largeRock.cpp(63,18): warning C4244: '=': conversion from 'int' to 'float', possible loss of data
C:\Users\aesqu\OneDrive\Desktop\Other Lang\AdvancedProgramming\Sum21\AEsquivelCPPProject3_1B\AEsquivelCPPA3_11 - Copy\SDLGame2\SDLGame2\largeRock.cpp(67,18): warning C4244: '=': conversion from 'int' to 'float', possible loss of data
C:\Users\aesqu\OneDrive\Desktop\Other Lang\AdvancedProgramming\Sum21\AEsquivelCPPProject3_1B\AEsquivelCPPA3_11 - Copy\SDLGame2\SDLGame2\largeRock.cpp(83,18): warning C4244: '=': conversion from 'int' to 'float', possible loss of data
C:\Users\aesqu\OneDrive\Desktop\Other Lang\AdvancedProgramming\Sum21\AEsquivelCPPProject3_1B\AEsquivelCPPA3_11 - Copy\SDLGame2\SDLGame2\largeRock.cpp(87,18): warning C4244: '=': conversion from 'int' to 'float', possible loss of data
C:\Users\aesqu\OneDrive\Desktop\Other Lang\AdvancedProgramming\Sum21\AEsquivelCPPProject3_1B\AEsquivelCPPA3_11 - Copy\SDLGame2\SDLGame2\largeRock.cpp(102,18): warning C4244: '=': conversion from 'int' to 'float', possible loss of data
C:\Users\aesqu\OneDrive\Desktop\Other Lang\AdvancedProgramming\Sum21\AEsquivelCPPProject3_1B\AEsquivelCPPA3_11 - Copy\SDLGame2\SDLGame2\largeRock.cpp(106,18): warning C4244: '=': conversion from 'int' to 'float', possible loss of data
C:\Users\aesqu\OneDrive\Desktop\Other Lang\AdvancedProgramming\Sum21\AEsquivelCPPProject3_1B\AEsquivelCPPA3_11 - Copy\SDLGame2\SDLGame2\largeRock.cpp(121,18): warning C4244: '=': conversion from 'int' to 'float', possible loss of data
C:\Users\aesqu\OneDrive\Desktop\Other Lang\AdvancedProgramming\Sum21\AEsquivelCPPProject3_1B\AEsquivelCPPA3_11 - Copy\SDLGame2\SDLGame2\largeRock.cpp(125,18): warning C4244: '=': conversion from 'int' to 'float', possible loss of data
C:\Users\aesqu\OneDrive\Desktop\Other Lang\AdvancedProgramming\Sum21\AEsquivelCPPProject3_1B\AEsquivelCPPA3_11 - Copy\SDLGame2\SDLGame2\largeRock.cpp(150,18): warning C4305: '+=': truncation from 'double' to 'float'
C:\Users\aesqu\OneDrive\Desktop\Other Lang\AdvancedProgramming\Sum21\AEsquivelCPPProject3_1B\AEsquivelCPPA3_11 - Copy\SDLGame2\SDLGame2\largeRock.cpp(156,19): warning C4244: '=': conversion from 'int' to 'float', possible loss of data
C:\Users\aesqu\OneDrive\Desktop\Other Lang\AdvancedProgramming\Sum21\AEsquivelCPPProject3_1B\AEsquivelCPPA3_11 - Copy\SDLGame2\SDLGame2\largeRock.cpp(163,19): warning C4244: '=': conversion from 'int' to 'float', possible loss of data
C:\Users\aesqu\OneDrive\Desktop\Other Lang\AdvancedProgramming\Sum21\AEsquivelCPPProject3_1B\AEsquivelCPPA3_11 - Copy\SDLGame2\SDLGame2\largeRock.cpp(170,19): warning C4244: '=': conversion from 'int' to 'float', possible loss of data
C:\Users\aesqu\OneDrive\Desktop\Other Lang\AdvancedProgramming\Sum21\AEsquivelCPPProject3_1B\AEsquivelCPPA3_11 - Copy\SDLGame2\SDLGame2\largeRock.cpp(177,19): warning C4244: '=': conversion from 'int' to 'float', possible loss of data
  main.cpp
C:\Users\aesqu\OneDrive\Desktop\Other Lang\AdvancedProgramming\Sum21\AEsquivelCPPProject3_1B\AEsquivelCPPA3_11 - Copy\SDLGame2\SDLGame2\main.cpp(64,30): warning C4244: '=': conversion from 'float' to 'int', possible loss of data
C:\Users\aesqu\OneDrive\Desktop\Other Lang\AdvancedProgramming\Sum21\AEsquivelCPPProject3_1B\AEsquivelCPPA3_11 - Copy\SDLGame2\SDLGame2\main.cpp(66,30): warning C4244: '=': conversion from 'float' to 'int', possible loss of data
C:\Users\aesqu\OneDrive\Desktop\Other Lang\AdvancedProgramming\Sum21\AEsquivelCPPProject3_1B\AEsquivelCPPA3_11 - Copy\SDLGame2\SDLGame2\main.cpp(98,12): warning C4244: 'argument': conversion from 'time_t' to 'unsigned int', possible loss of data
C:\Users\aesqu\OneDrive\Desktop\Other Lang\AdvancedProgramming\Sum21\AEsquivelCPPProject3_1B\AEsquivelCPPA3_11 - Copy\SDLGame2\SDLGame2\main.cpp(179,19): warning C4244: '=': conversion from 'int' to 'float', possible loss of data
C:\Users\aesqu\OneDrive\Desktop\Other Lang\AdvancedProgramming\Sum21\AEsquivelCPPProject3_1B\AEsquivelCPPA3_11 - Copy\SDLGame2\SDLGame2\main.cpp(180,19): warning C4244: '=': conversion from 'int' to 'float', possible loss of data
C:\Users\aesqu\OneDrive\Desktop\Other Lang\AdvancedProgramming\Sum21\AEsquivelCPPProject3_1B\AEsquivelCPPA3_11 - Copy\SDLGame2\SDLGame2\main.cpp(313,42): warning C4244: '=': conversion from 'double' to 'float', possible loss of data
C:\Users\aesqu\OneDrive\Desktop\Other Lang\AdvancedProgramming\Sum21\AEsquivelCPPProject3_1B\AEsquivelCPPA3_11 - Copy\SDLGame2\SDLGame2\main.cpp(339,21): warning C4244: '=': conversion from 'int' to 'float', possible loss of data
C:\Users\aesqu\OneDrive\Desktop\Other Lang\AdvancedProgramming\Sum21\AEsquivelCPPProject3_1B\AEsquivelCPPA3_11 - Copy\SDLGame2\SDLGame2\main.cpp(346,21): warning C4244: '=': conversion from 'int' to 'float', possible loss of data
C:\Users\aesqu\OneDrive\Desktop\Other Lang\AdvancedProgramming\Sum21\AEsquivelCPPProject3_1B\AEsquivelCPPA3_11 - Copy\SDLGame2\SDLGame2\main.cpp(353,21): warning C4244: '=': conversion from 'int' to 'float', possible loss of data
C:\Users\aesqu\OneDrive\Desktop\Other Lang\AdvancedProgramming\Sum21\AEsquivelCPPProject3_1B\AEsquivelCPPA3_11 - Copy\SDLGame2\SDLGame2\main.cpp(360,21): warning C4244: '=': conversion from 'int' to 'float', possible loss of data
C:\Users\aesqu\OneDrive\Desktop\Other Lang\AdvancedProgramming\Sum21\AEsquivelCPPProject3_1B\AEsquivelCPPA3_11 - Copy\SDLGame2\SDLGame2\main.cpp(413,89): warning C4244: 'argument': conversion from 'int' to 'float', possible loss of data
C:\Users\aesqu\OneDrive\Desktop\Other Lang\AdvancedProgramming\Sum21\AEsquivelCPPProject3_1B\AEsquivelCPPA3_11 - Copy\SDLGame2\SDLGame2\main.cpp(413,61): warning C4244: 'argument': conversion from 'int' to 'float', possible loss of data
  smallRock.cpp
C:\Users\aesqu\OneDrive\Desktop\Other Lang\AdvancedProgramming\Sum21\AEsquivelCPPProject3_1B\AEsquivelCPPA3_11 - Copy\SDLGame2\SDLGame2\smallRock.cpp(25,14): warning C4244: '=': conversion from 'float' to 'int', possible loss of data
C:\Users\aesqu\OneDrive\Desktop\Other Lang\AdvancedProgramming\Sum21\AEsquivelCPPProject3_1B\AEsquivelCPPA3_11 - Copy\SDLGame2\SDLGame2\smallRock.cpp(26,14): warning C4244: '=': conversion from 'float' to 'int', possible loss of data
C:\Users\aesqu\OneDrive\Desktop\Other Lang\AdvancedProgramming\Sum21\AEsquivelCPPProject3_1B\AEsquivelCPPA3_11 - Copy\SDLGame2\SDLGame2\smallRock.cpp(46,14): warning C4244: '=': conversion from 'float' to 'int', possible loss of data
C:\Users\aesqu\OneDrive\Desktop\Other Lang\AdvancedProgramming\Sum21\AEsquivelCPPProject3_1B\AEsquivelCPPA3_11 - Copy\SDLGame2\SDLGame2\smallRock.cpp(47,14): warning C4244: '=': conversion from 'float' to 'int', possible loss of data
C:\Users\aesqu\OneDrive\Desktop\Other Lang\AdvancedProgramming\Sum21\AEsquivelCPPProject3_1B\AEsquivelCPPA3_11 - Copy\SDLGame2\SDLGame2\smallRock.cpp(52,21): warning C4244: '=': conversion from 'int' to 'float', possible loss of data
C:\Users\aesqu\OneDrive\Desktop\Other Lang\AdvancedProgramming\Sum21\AEsquivelCPPProject3_1B\AEsquivelCPPA3_11 - Copy\SDLGame2\SDLGame2\smallRock.cpp(94,17): warning C4244: '=': conversion from 'int' to 'float', possible loss of data
C:\Users\aesqu\OneDrive\Desktop\Other Lang\AdvancedProgramming\Sum21\AEsquivelCPPProject3_1B\AEsquivelCPPA3_11 - Copy\SDLGame2\SDLGame2\smallRock.cpp(95,17): warning C4244: '=': conversion from 'int' to 'float', possible loss of data
C:\Users\aesqu\OneDrive\Desktop\Other Lang\AdvancedProgramming\Sum21\AEsquivelCPPProject3_1B\AEsquivelCPPA3_11 - Copy\SDLGame2\SDLGame2\smallRock.cpp(111,18): warning C4305: '+=': truncation from 'double' to 'float'
C:\Users\aesqu\OneDrive\Desktop\Other Lang\AdvancedProgramming\Sum21\AEsquivelCPPProject3_1B\AEsquivelCPPA3_11 - Copy\SDLGame2\SDLGame2\smallRock.cpp(117,19): warning C4244: '=': conversion from 'int' to 'float', possible loss of data
C:\Users\aesqu\OneDrive\Desktop\Other Lang\AdvancedProgramming\Sum21\AEsquivelCPPProject3_1B\AEsquivelCPPA3_11 - Copy\SDLGame2\SDLGame2\smallRock.cpp(124,19): warning C4244: '=': conversion from 'int' to 'float', possible loss of data
C:\Users\aesqu\OneDrive\Desktop\Other Lang\AdvancedProgramming\Sum21\AEsquivelCPPProject3_1B\AEsquivelCPPA3_11 - Copy\SDLGame2\SDLGame2\smallRock.cpp(131,19): warning C4244: '=': conversion from 'int' to 'float', possible loss of data
C:\Users\aesqu\OneDrive\Desktop\Other Lang\AdvancedProgramming\Sum21\AEsquivelCPPProject3_1B\AEsquivelCPPA3_11 - Copy\SDLGame2\SDLGame2\smallRock.cpp(138,19): warning C4244: '=': conversion from 'int' to 'float', possible loss of data
  Generating Code...
  SDLGame2.vcxproj -> C:\Users\aesqu\OneDrive\Desktop\Other Lang\AdvancedProgramming\Sum21\AEsquivelCPPProject3_1B\AEsquivelCPPA3_11 - Copy\SDLGame2\x64\Debug\SDLGame2.exe
